<?xml version="1.0" encoding="UTF-8"?>
<testsuite name="UserCanAddAndRemoveCartItems"
           tests="2"
           failures="0"
           errors="0"
           skipped="0"
           time="21.494">
    <properties></properties>



            <testcase
                name="addToCart"
                time="19.820"
                classname="cart.test.CartTest">
            </testcase>
            <testcase
                name="removeFromCart"
                time="1.674"
                classname="cart.test.CartTest">
            </testcase>
</testsuite>
