<?xml version="1.0" encoding="UTF-8"?>
<testsuite name="Categories"
           tests="2"
           failures="0"
           errors="0"
           skipped="0"
           time="19.124">
    <properties></properties>



            <testcase
                name="CategoriesFeaturesTest"
                time="17.755"
                classname="categories.CategoriesTest">
            </testcase>
            <testcase
                name="verifyCategoryPageUIElementsTest"
                time="1.369"
                classname="categories.CategoriesTest">
            </testcase>
</testsuite>
