<?xml version="1.0" encoding="UTF-8"?>
<testsuite name="DEPI-T3"
           tests="4"
           failures="0"
           errors="0"
           skipped="0"
           time="13.677">
    <properties></properties>



            <testcase
                name="EnterValidOrder"
                time="5.218"
                classname="ordersTest.OrdersTest">
            </testcase>
            <testcase
                name="LoginSuccess"
                time="5.599"
                classname="ordersTest.OrdersTest">
            </testcase>
            <testcase
                name="EnterValidBuyer"
                time="2.195"
                classname="ordersTest.OrdersTest">
            </testcase>
            <testcase
                name="CheckoutSuccessTest"
                time="0.665"
                classname="ordersTest.OrdersTest">
            </testcase>
</testsuite>
