<?xml version="1.0" encoding="UTF-8"?>
<testsuite name="DEPI_PROJECT"
           tests="3"
           failures="0"
           errors="0"
           skipped="0"
           time="26.721">
    <properties></properties>



            <testcase
                name="ClearCasheTest"
                time="2.679"
                classname="Pages.RecenltyViewedTests">
            </testcase>
            <testcase
                name="ProductsDisplayedTest"
                time="13.948"
                classname="Pages.RecenltyViewedTests">
            </testcase>
            <testcase
                name="AddToCartTest"
                time="10.094"
                classname="Pages.RecenltyViewedTests">
            </testcase>
</testsuite>
