<?xml version="1.0" encoding="UTF-8"?>
<testsuite name="Mario"
           tests="2"
           failures="0"
           errors="0"
           skipped="0"
           time="10.867">
    <properties></properties>



            <testcase
                name="LoginSuccess"
                time="8.472"
                classname="shoppingCartTest.ShoppingCartTest">
            </testcase>
            <testcase
                name="EnterValidBuyer"
                time="2.395"
                classname="shoppingCartTest.ShoppingCartTest">
            </testcase>
</testsuite>
