<?xml version="1.0" encoding="UTF-8"?>
<testsuite name="Sorting"
           tests="3"
           failures="0"
           errors="0"
           skipped="0"
           time="9.270">
    <properties></properties>



            <testcase
                name="verifySortingByNameAToZTest"
                time="2.528"
                classname="sorting.SortingTest">
            </testcase>
            <testcase
                name="verifySortingByPriceLowToHighTest"
                time="3.662"
                classname="sorting.SortingTest">
            </testcase>
            <testcase
                name="verifySortingByPriceHighToLowTest"
                time="3.080"
                classname="sorting.SortingTest">
            </testcase>
</testsuite>
